Arguments: 
  /home/naeem/.nvm/versions/node/v16.15.1/bin/node /home/naeem/.nvm/versions/node/v16.15.1/bin/yarn

PATH: 
  /home/naeem/.nvm/versions/node/v16.15.1/bin:/usr/local/sbin:/usr/local/bin:/usr/sbin:/usr/bin:/sbin:/bin:/usr/games:/usr/local/games:/snap/bin:/snap/bin

Yarn version: 
  1.22.19

Node version: 
  16.15.1

Platform: 
  linux x64

Trace: 
  Error: connect EHOSTUNREACH 104.16.21.35:443
      at TCPConnectWrap.afterConnect [as oncomplete] (node:net:1187:16)

npm manifest: 
  {
    "name": "redux",
    "version": "1.0.0",
    "description": "",
    "main": "index.js",
    "scripts": {
      "test": "echo \"Error: no test specified\" && exit 1"
    },
    "keywords": [],
    "author": "",
    "license": "ISC",
    "dependencies": {
      "axios": "^1.3.3",
      "redux": "^4.2.1",
      "redux-logger": "^3.0.6",
      "redux-thunk": "^2.4.2"
    }
  }

yarn manifest: 
  No manifest

Lockfile: 
  No lockfile
